2021-08-10 15:31:12[main] INFO  Base_Class  - Emulator started successfully
2021-08-10 15:31:12[main] INFO  Base_Class  - App Run via emulator
2021-08-10 15:31:24[main] INFO  Base_Class  - Appium server started successfully in 4723 port
2021-08-10 15:31:25[main] INFO  LoginTest  - Verifying correct app launch or not
2021-08-10 15:31:29[main] INFO  LoginTest  - Verified:Correct app launched successfully
2021-08-10 15:31:29[main] INFO  LoginTest  - Try to select country dropdown
2021-08-10 15:31:32[main] INFO  LoginTest  - Country dropdown selected successfully
2021-08-10 15:31:32[main] INFO  LoginTest  - Try to sent text in Your name field
2021-08-10 15:31:33[main] INFO  LoginTest  - Text sent successfully in Your name field
2021-08-10 15:31:33[main] INFO  LoginTest  - Try to choose gender radio button
2021-08-10 15:31:34[main] INFO  LoginTest  - Successfully choosed gender radio button
2021-08-10 15:31:34[main] INFO  LoginTest  - Try to click Lets shop button
2021-08-10 15:31:36[main] INFO  LoginTest  - Lets shop button tapped successfully
2021-08-10 15:31:36[main] INFO  Product_List_Page_Test  - Try to scroll down
2021-08-10 15:31:46[main] INFO  Product_List_Page_Test  - Scrolling successfully
2021-08-10 15:31:46[main] INFO  Product_List_Page_Test  - Try to add product from cart
2021-08-10 15:31:48[main] INFO  Product_List_Page_Test  - product added in cart session
2021-08-10 15:31:53[main] INFO  Product_List_Page_Test  - Try to add product from cart
2021-08-10 15:31:54[main] INFO  Product_List_Page_Test  - product added in cart session
2021-08-10 15:31:57[main] INFO  Product_List_Page_Test  - Verfying cart session product there or not2021-08-10 15:34:59[main] INFO  Base_Class  - Emulator started successfully
2021-08-10 15:34:59[main] INFO  Base_Class  - App Run via emulator
2021-08-10 15:35:13[main] INFO  Base_Class  - Appium server started successfully in 4723 port
2021-08-10 15:35:14[main] INFO  LoginTest  - Verifying correct app launch or not
2021-08-10 15:35:19[main] INFO  LoginTest  - Verified:Correct app launched successfully
2021-08-10 15:35:19[main] INFO  LoginTest  - Try to select country dropdown
2021-08-10 15:35:21[main] INFO  LoginTest  - Country dropdown selected successfully
2021-08-10 15:35:21[main] INFO  LoginTest  - Try to sent text in Your name field
2021-08-10 15:35:23[main] INFO  LoginTest  - Text sent successfully in Your name field
2021-08-10 15:35:23[main] INFO  LoginTest  - Try to choose gender radio button
2021-08-10 15:35:24[main] INFO  LoginTest  - Successfully choosed gender radio button
2021-08-10 15:35:24[main] INFO  LoginTest  - Try to click Lets shop button
2021-08-10 15:35:26[main] INFO  LoginTest  - Lets shop button tapped successfully
2021-08-10 15:35:26[main] INFO  Product_List_Page_Test  - Try to scroll down
2021-08-10 15:35:37[main] INFO  Product_List_Page_Test  - Scrolling successfully
2021-08-10 15:35:37[main] INFO  Product_List_Page_Test  - Try to add product from cart
2021-08-10 15:35:39[main] INFO  Product_List_Page_Test  - product added in cart session
2021-08-10 15:35:44[main] INFO  Product_List_Page_Test  - Try to add product from cart
2021-08-10 15:35:45[main] INFO  Product_List_Page_Test  - product added in cart session
2021-08-10 15:35:47[main] INFO  Product_List_Page_Test  - Verfying cart session product there or not
2021-08-10 15:42:16[main] INFO  Base_Class  - Emulator started successfully
2021-08-10 15:42:16[main] INFO  Base_Class  - App Run via emulator
2021-08-10 15:42:28[main] INFO  Base_Class  - Appium server started successfully in 4723 port
2021-08-10 15:42:28[main] INFO  LoginTest  - Verifying correct app launch or not
2021-08-10 15:42:33[main] INFO  LoginTest  - Verified:Correct app launched successfully
2021-08-10 15:42:33[main] INFO  LoginTest  - Try to select country dropdown
2021-08-10 15:42:36[main] INFO  LoginTest  - Country dropdown selected successfully
2021-08-10 15:42:36[main] INFO  LoginTest  - Try to sent text in Your name field
2021-08-10 15:42:37[main] INFO  LoginTest  - Text sent successfully in Your name field
2021-08-10 15:42:37[main] INFO  LoginTest  - Try to choose gender radio button
2021-08-10 15:42:38[main] INFO  LoginTest  - Successfully choosed gender radio button
2021-08-10 15:42:38[main] INFO  LoginTest  - Try to click Lets shop button
2021-08-10 15:42:41[main] INFO  LoginTest  - Lets shop button tapped successfully
2021-08-10 15:42:41[main] INFO  Product_List_Page_Test  - Try to scroll down
2021-08-10 15:42:52[main] INFO  Product_List_Page_Test  - Scrolling successfully
2021-08-10 15:42:52[main] INFO  Product_List_Page_Test  - Try to add product from cart
2021-08-10 15:42:53[main] INFO  Product_List_Page_Test  - product added in cart session
2021-08-10 15:42:58[main] INFO  Product_List_Page_Test  - Try to add product from cart
2021-08-10 15:42:59[main] INFO  Product_List_Page_Test  - product added in cart session
2021-08-10 15:43:02[main] INFO  Product_List_Page_Test  - Verfying cart session product there or not
2021-08-10 15:45:41[main] INFO  Base_Class  - Emulator started successfully
2021-08-10 15:45:41[main] INFO  Base_Class  - App Run via emulator
2021-08-10 15:45:55[main] INFO  Base_Class  - Appium server started successfully in 4723 port
2021-08-10 15:45:56[main] INFO  LoginTest  - Verifying correct app launch or not
2021-08-10 15:46:01[main] INFO  LoginTest  - Verified:Correct app launched successfully
2021-08-10 15:46:01[main] INFO  LoginTest  - Try to select country dropdown
2021-08-10 15:46:04[main] INFO  LoginTest  - Country dropdown selected successfully
2021-08-10 15:46:04[main] INFO  LoginTest  - Try to sent text in Your name field
2021-08-10 15:46:04[main] INFO  LoginTest  - Text sent successfully in Your name field
2021-08-10 15:46:04[main] INFO  LoginTest  - Try to choose gender radio button
2021-08-10 15:46:06[main] INFO  LoginTest  - Successfully choosed gender radio button
2021-08-10 15:46:06[main] INFO  LoginTest  - Try to click Lets shop button
2021-08-10 15:46:08[main] INFO  LoginTest  - Lets shop button tapped successfully
2021-08-10 15:46:08[main] INFO  Product_List_Page_Test  - Try to scroll down
2021-08-10 15:46:20[main] INFO  Product_List_Page_Test  - Scrolling successfully
2021-08-10 15:46:20[main] INFO  Product_List_Page_Test  - Try to add product from cart
2021-08-10 15:46:21[main] INFO  Product_List_Page_Test  - product added in cart session
2021-08-10 15:46:26[main] INFO  Product_List_Page_Test  - Try to add product from cart
2021-08-10 15:46:27[main] INFO  Product_List_Page_Test  - product added in cart session
2021-08-10 15:46:29[main] INFO  Product_List_Page_Test  - Verfying cart session product there or not
2021-08-12 13:08:50[main] INFO  Base_Class  - Emulator started successfully
2021-08-12 13:08:50[main] INFO  Base_Class  - App Run via emulator
2021-08-12 13:09:36[main] INFO  Base_Class  - Emulator started successfully
2021-08-12 13:09:36[main] INFO  Base_Class  - App Run via emulator
2021-08-12 13:09:55[main] INFO  Base_Class  - Appium server started successfully in 4723 port
2021-08-12 13:09:56[main] INFO  LoginTest  - Verifying correct app launch or not
2021-08-12 13:09:59[main] INFO  LoginTest  - Try to select country dropdown
2021-08-12 13:10:01[main] INFO  LoginTest  - Country dropdown selected successfully
2021-08-12 13:10:02[main] INFO  LoginTest  - Try to sent text in Your name field
2021-08-12 13:10:03[main] INFO  LoginTest  - Text sent successfully in Your name field
2021-08-12 13:10:03[main] INFO  LoginTest  - Try to choose gender radio button
2021-08-12 13:10:04[main] INFO  LoginTest  - Successfully choosed gender radio button
2021-08-12 13:10:04[main] INFO  LoginTest  - Try to click Lets shop button
2021-08-12 13:10:06[main] INFO  LoginTest  - Lets shop button tapped successfully
2021-08-12 13:10:06[main] INFO  Product_List_Page_Test  - Try to scroll down
2021-08-12 13:10:16[main] INFO  Product_List_Page_Test  - Scrolling successfully
2021-08-12 13:10:16[main] INFO  Product_List_Page_Test  - Try to add product from cart
2021-08-12 13:10:17[main] INFO  Product_List_Page_Test  - product added in cart session
2021-08-12 13:10:22[main] INFO  Product_List_Page_Test  - Try to add product from cart
2021-08-12 13:10:23[main] INFO  Product_List_Page_Test  - product added in cart session
2021-08-12 13:10:25[main] INFO  Product_List_Page_Test  - Verfying cart session product there or not
2021-08-12 14:24:06[main] INFO  Base_Class  - Emulator started successfully
2021-08-12 14:24:06[main] INFO  Base_Class  - App Run via emulator
2021-08-12 14:24:19[main] INFO  Base_Class  - Appium server started successfully in 4723 port
2021-08-12 14:24:19[main] INFO  LoginTest  - Verifying correct app launch or not
2021-08-12 14:24:23[main] INFO  LoginTest  - Verified:Correct app launched successfully
2021-08-12 14:24:24[main] INFO  LoginTest  - Try to select country dropdown
2021-08-12 14:24:26[main] INFO  LoginTest  - Country dropdown selected successfully
2021-08-12 14:24:26[main] INFO  LoginTest  - Try to sent text in Your name field
2021-08-12 14:24:27[main] INFO  LoginTest  - Text sent successfully in Your name field
2021-08-12 14:24:27[main] INFO  LoginTest  - Try to choose gender radio button
2021-08-12 14:24:28[main] INFO  LoginTest  - Successfully choosed gender radio button
2021-08-12 14:24:28[main] INFO  LoginTest  - Try to click Lets shop button
2021-08-12 14:24:30[main] INFO  LoginTest  - Lets shop button tapped successfully
2021-08-12 14:24:30[main] INFO  Product_List_Page_Test  - Try to scroll down
2021-08-12 14:24:39[main] INFO  Product_List_Page_Test  - Scrolling successfully
2021-08-12 14:24:39[main] INFO  Product_List_Page_Test  - Try to add product from cart
2021-08-12 14:24:41[main] INFO  Product_List_Page_Test  - product added in cart session
2021-08-12 14:24:46[main] INFO  Product_List_Page_Test  - Try to add product from cart
2021-08-12 14:24:47[main] INFO  Product_List_Page_Test  - product added in cart session
2021-08-12 14:24:49[main] INFO  Product_List_Page_Test  - Verfying cart session product there or not
2021-08-14 15:56:06[main] INFO  Base_Class  - Emulator started successfully
2021-08-14 15:56:06[main] INFO  Base_Class  - App Run via emulator
2021-08-14 15:56:34[main] INFO  Base_Class  - Emulator started successfully
2021-08-14 15:56:34[main] INFO  Base_Class  - App Run via emulator
2021-08-14 15:58:13[main] INFO  Base_Class  - Emulator started successfully
2021-08-14 15:58:13[main] INFO  Base_Class  - App Run via emulator
2021-08-14 15:59:33[main] INFO  Base_Class  - Emulator started successfully
2021-08-14 15:59:33[main] INFO  Base_Class  - App Run via emulator
2021-08-14 15:59:45[main] INFO  Base_Class  - Appium server started successfully in 4723 port
2021-08-14 15:59:46[main] INFO  LoginTest  - Verifying correct app launch or not
2021-08-14 15:59:49[main] INFO  LoginTest  - Try to select country dropdown
2021-08-14 15:59:51[main] INFO  LoginTest  - Country dropdown selected successfully
2021-08-14 15:59:51[main] INFO  LoginTest  - Try to sent text in Your name field
2021-08-14 15:59:52[main] INFO  LoginTest  - Text sent successfully in Your name field
2021-08-14 15:59:52[main] INFO  LoginTest  - Try to choose gender radio button
2021-08-14 15:59:53[main] INFO  LoginTest  - Successfully choosed gender radio button
2021-08-14 15:59:53[main] INFO  LoginTest  - Try to click Lets shop button
2021-08-14 15:59:55[main] INFO  LoginTest  - Lets shop button tapped successfully
2021-08-14 15:59:55[main] INFO  Product_List_Page_Test  - Try to scroll down
2021-08-14 16:00:05[main] INFO  Product_List_Page_Test  - Scrolling successfully
2021-08-14 16:00:05[main] INFO  Product_List_Page_Test  - Try to add product from cart
2021-08-14 16:00:07[main] INFO  Product_List_Page_Test  - product added in cart session
2021-08-14 16:00:11[main] INFO  Product_List_Page_Test  - Try to add product from cart
2021-08-14 16:00:13[main] INFO  Product_List_Page_Test  - product added in cart session
2021-08-14 16:00:16[main] INFO  Product_List_Page_Test  - Verfying cart session product there or not
2021-08-14 16:14:26[main] INFO  Base_Class  - Emulator started successfully
2021-08-14 16:14:26[main] INFO  Base_Class  - App Run via emulator
2021-08-14 16:14:51[main] INFO  Base_Class  - Appium server started successfully in 4723 port
2021-08-14 16:14:52[main] INFO  LoginTest  - Verifying correct app launch or not
2021-08-14 16:14:57[main] INFO  LoginTest  - Try to select country dropdown
2021-08-14 16:15:00[main] INFO  LoginTest  - Country dropdown selected successfully
2021-08-14 16:15:01[main] INFO  LoginTest  - Try to sent text in Your name field
2021-08-14 16:15:02[main] INFO  LoginTest  - Text sent successfully in Your name field
2021-08-14 16:15:02[main] INFO  LoginTest  - Try to choose gender radio button
2021-08-14 16:15:04[main] INFO  LoginTest  - Successfully choosed gender radio button
2021-08-14 16:15:04[main] INFO  LoginTest  - Try to click Lets shop button
2021-08-14 16:15:07[main] INFO  LoginTest  - Lets shop button tapped successfully
2021-08-14 16:15:07[main] INFO  Product_List_Page_Test  - Try to scroll down
2021-08-14 16:15:20[main] INFO  Product_List_Page_Test  - Scrolling successfully
2021-08-14 16:15:20[main] INFO  Product_List_Page_Test  - Try to add product from cart
2021-08-14 16:15:22[main] INFO  Product_List_Page_Test  - product added in cart session
2021-08-14 16:15:27[main] INFO  Product_List_Page_Test  - Try to add product from cart
2021-08-14 16:15:29[main] INFO  Product_List_Page_Test  - product added in cart session
2021-08-14 16:15:31[main] INFO  Product_List_Page_Test  - Verfying cart session product there or not
2021-08-14 16:17:47[main] INFO  Base_Class  - Emulator started successfully
2021-08-14 16:17:47[main] INFO  Base_Class  - App Run via emulator
2021-08-14 16:18:09[main] INFO  Base_Class  - Appium server started successfully in 4723 port
2021-08-14 16:18:10[main] INFO  LoginTest  - Verifying correct app launch or not
2021-08-14 16:18:15[main] INFO  LoginTest  - Try to select country dropdown
2021-08-14 16:18:19[main] INFO  LoginTest  - Country dropdown selected successfully
2021-08-14 16:18:19[main] INFO  LoginTest  - Try to sent text in Your name field
2021-08-14 16:18:20[main] INFO  LoginTest  - Text sent successfully in Your name field
2021-08-14 16:18:20[main] INFO  LoginTest  - Try to choose gender radio button
2021-08-14 16:18:22[main] INFO  LoginTest  - Successfully choosed gender radio button
2021-08-14 16:18:22[main] INFO  LoginTest  - Try to click Lets shop button
2021-08-14 16:18:25[main] INFO  LoginTest  - Lets shop button tapped successfully
2021-08-14 16:18:25[main] INFO  Product_List_Page_Test  - Try to scroll down
2021-08-14 16:18:38[main] INFO  Product_List_Page_Test  - Scrolling successfully
2021-08-14 16:18:38[main] INFO  Product_List_Page_Test  - Try to add product from cart
2021-08-14 16:18:40[main] INFO  Product_List_Page_Test  - product added in cart session
2021-08-14 16:18:45[main] INFO  Product_List_Page_Test  - Try to add product from cart
2021-08-14 16:18:46[main] INFO  Product_List_Page_Test  - product added in cart session
2021-08-14 16:18:48[main] INFO  Product_List_Page_Test  - Verfying cart session product there or not
2021-08-14 16:27:30[main] INFO  Base_Class  - Emulator started successfully
2021-08-14 16:27:30[main] INFO  Base_Class  - App Run via emulator
2021-08-14 16:27:54[main] INFO  Base_Class  - Appium server started successfully in 4723 port
2021-08-14 16:27:55[main] INFO  LoginTest  - Verifying correct app launch or not
2021-08-14 16:27:59[main] INFO  LoginTest  - Verified:Correct app launched successfully
2021-08-14 16:27:59[main] INFO  LoginTest  - Try to select country dropdown
2021-08-14 16:28:02[main] INFO  LoginTest  - Country dropdown selected successfully
2021-08-14 16:28:02[main] INFO  LoginTest  - Try to sent text in Your name field
2021-08-14 16:28:03[main] INFO  LoginTest  - Text sent successfully in Your name field
2021-08-14 16:28:03[main] INFO  LoginTest  - Try to choose gender radio button
2021-08-14 16:28:05[main] INFO  LoginTest  - Successfully choosed gender radio button
2021-08-14 16:28:05[main] INFO  LoginTest  - Try to click Lets shop button
2021-08-14 16:28:08[main] INFO  LoginTest  - Lets shop button tapped successfully
2021-08-14 16:28:08[main] INFO  Product_List_Page_Test  - Try to scroll down
2021-08-14 16:29:46[main] INFO  Product_List_Page_Test  - Scrolling successfully
2021-08-14 16:29:46[main] INFO  Product_List_Page_Test  - Try to add product from cart
2021-08-14 16:29:48[main] INFO  Product_List_Page_Test  - product added in cart session
2021-08-14 16:30:00[main] INFO  Product_List_Page_Test  - Try to add product from cart
2021-08-14 16:30:02[main] INFO  Product_List_Page_Test  - product added in cart session
2021-08-14 16:30:04[main] INFO  Product_List_Page_Test  - Verfying cart session product there or not
2021-08-14 16:30:20[main] INFO  Base_Class  - Emulator started successfully
2021-08-14 16:30:20[main] INFO  Base_Class  - App Run via emulator
2021-08-14 16:31:00[main] INFO  Base_Class  - Emulator started successfully
2021-08-14 16:31:00[main] INFO  Base_Class  - App Run via emulator
2021-08-14 16:31:12[main] INFO  Base_Class  - Appium server started successfully in 4723 port
2021-08-14 16:31:13[main] INFO  LoginTest  - Verifying correct app launch or not
2021-08-14 16:31:17[main] INFO  LoginTest  - Verified:Correct app launched successfully
2021-08-14 16:31:17[main] INFO  LoginTest  - Try to select country dropdown
2021-08-14 16:31:19[main] INFO  LoginTest  - Country dropdown selected successfully
2021-08-14 16:31:19[main] INFO  LoginTest  - Try to sent text in Your name field
2021-08-14 16:31:21[main] INFO  LoginTest  - Text sent successfully in Your name field
2021-08-14 16:31:21[main] INFO  LoginTest  - Try to choose gender radio button
2021-08-14 16:31:22[main] INFO  LoginTest  - Successfully choosed gender radio button
2021-08-14 16:31:22[main] INFO  LoginTest  - Try to click Lets shop button
2021-08-14 16:31:24[main] INFO  LoginTest  - Lets shop button tapped successfully
2021-08-14 16:31:24[main] INFO  Product_List_Page_Test  - Try to scroll down
2021-08-14 16:31:34[main] INFO  Product_List_Page_Test  - Scrolling successfully
2021-08-14 16:31:34[main] INFO  Product_List_Page_Test  - Try to add product from cart
2021-08-14 16:31:36[main] INFO  Product_List_Page_Test  - product added in cart session
2021-08-14 16:31:40[main] INFO  Product_List_Page_Test  - Try to add product from cart
2021-08-14 16:31:42[main] INFO  Product_List_Page_Test  - product added in cart session
2021-08-14 16:31:44[main] INFO  Product_List_Page_Test  - Verfying cart session product there or not
2021-08-14 16:33:07[main] INFO  Base_Class  - Emulator started successfully
2021-08-14 16:33:07[main] INFO  Base_Class  - App Run via emulator
2021-08-14 16:33:16[main] INFO  Base_Class  - Appium server started successfully in 4723 port
2021-08-14 16:33:16[main] INFO  LoginTest  - Verifying correct app launch or not
2021-08-14 16:33:20[main] INFO  LoginTest  - Try to select country dropdown
2021-08-14 16:33:23[main] INFO  LoginTest  - Country dropdown selected successfully
2021-08-14 16:33:23[main] INFO  LoginTest  - Try to sent text in Your name field
2021-08-14 16:33:24[main] INFO  LoginTest  - Text sent successfully in Your name field
2021-08-14 16:33:24[main] INFO  LoginTest  - Try to choose gender radio button
2021-08-14 16:33:25[main] INFO  LoginTest  - Successfully choosed gender radio button
2021-08-14 16:33:25[main] INFO  LoginTest  - Try to click Lets shop button
2021-08-14 16:33:27[main] INFO  LoginTest  - Lets shop button tapped successfully
2021-08-14 16:33:27[main] INFO  Product_List_Page_Test  - Try to scroll down
2021-08-14 16:33:37[main] INFO  Product_List_Page_Test  - Scrolling successfully
2021-08-14 16:33:37[main] INFO  Product_List_Page_Test  - Try to add product from cart
2021-08-14 16:33:39[main] INFO  Product_List_Page_Test  - product added in cart session
2021-08-14 16:33:43[main] INFO  Product_List_Page_Test  - Try to add product from cart
2021-08-14 16:33:44[main] INFO  Product_List_Page_Test  - product added in cart session
2021-08-14 16:33:46[main] INFO  Product_List_Page_Test  - Verfying cart session product there or not
2021-08-14 16:36:42[main] INFO  Base_Class  - Emulator started successfully
2021-08-14 16:36:42[main] INFO  Base_Class  - App Run via emulator
2021-08-14 16:36:52[main] INFO  Base_Class  - Appium server started successfully in 4723 port
2021-08-14 16:36:52[main] INFO  LoginTest  - Verifying correct app launch or not
2021-08-14 16:36:56[main] INFO  LoginTest  - Try to select country dropdown
2021-08-14 16:36:58[main] INFO  LoginTest  - Country dropdown selected successfully
2021-08-14 16:36:58[main] INFO  LoginTest  - Try to sent text in Your name field
2021-08-14 16:36:59[main] INFO  LoginTest  - Text sent successfully in Your name field
2021-08-14 16:36:59[main] INFO  LoginTest  - Try to choose gender radio button
2021-08-14 16:37:00[main] INFO  LoginTest  - Successfully choosed gender radio button
2021-08-14 16:37:00[main] INFO  LoginTest  - Try to click Lets shop button
2021-08-14 16:37:02[main] INFO  LoginTest  - Lets shop button tapped successfully
2021-08-14 16:37:02[main] INFO  Product_List_Page_Test  - Try to scroll down
2021-08-14 16:37:11[main] INFO  Product_List_Page_Test  - Scrolling successfully
2021-08-14 16:37:11[main] INFO  Product_List_Page_Test  - Try to add product from cart
2021-08-14 16:37:13[main] INFO  Product_List_Page_Test  - product added in cart session
2021-08-14 16:37:17[main] INFO  Product_List_Page_Test  - Try to add product from cart
2021-08-14 16:37:19[main] INFO  Product_List_Page_Test  - product added in cart session
2021-08-14 16:37:21[main] INFO  Product_List_Page_Test  - Verfying cart session product there or not
2021-08-14 16:39:07[main] INFO  Base_Class  - Emulator started successfully
2021-08-14 16:39:07[main] INFO  Base_Class  - App Run via emulator
2021-08-14 16:39:16[main] INFO  Base_Class  - Appium server started successfully in 4723 port
2021-08-14 16:39:17[main] INFO  LoginTest  - Verifying correct app launch or not
2021-08-14 16:39:21[main] INFO  LoginTest  - Try to select country dropdown
2021-08-14 16:39:23[main] INFO  LoginTest  - Country dropdown selected successfully
2021-08-14 16:39:23[main] INFO  LoginTest  - Try to sent text in Your name field
2021-08-14 16:39:24[main] INFO  LoginTest  - Text sent successfully in Your name field
2021-08-14 16:39:24[main] INFO  LoginTest  - Try to choose gender radio button
2021-08-14 16:39:25[main] INFO  LoginTest  - Successfully choosed gender radio button
2021-08-14 16:39:25[main] INFO  LoginTest  - Try to click Lets shop button
2021-08-14 16:39:26[main] INFO  LoginTest  - Lets shop button tapped successfully
2021-08-14 16:39:26[main] INFO  Product_List_Page_Test  - Try to scroll down
2021-08-14 16:39:36[main] INFO  Product_List_Page_Test  - Scrolling successfully
2021-08-14 16:39:36[main] INFO  Product_List_Page_Test  - Try to add product from cart
2021-08-14 16:39:38[main] INFO  Product_List_Page_Test  - product added in cart session
2021-08-14 16:39:42[main] INFO  Product_List_Page_Test  - Try to add product from cart
2021-08-14 16:39:43[main] INFO  Product_List_Page_Test  - product added in cart session
2021-08-14 16:39:45[main] INFO  Product_List_Page_Test  - Verfying cart session product there or not
2021-08-14 16:48:58[main] INFO  Base_Class  - Emulator started successfully
2021-08-14 16:48:58[main] INFO  Base_Class  - App Run via emulator
2021-08-14 16:49:08[main] INFO  Base_Class  - Appium server started successfully in 4723 port
2021-08-14 16:49:08[main] INFO  LoginTest  - Verifying correct app launch or not
2021-08-14 16:49:12[main] INFO  LoginTest  - Try to select country dropdown
2021-08-14 16:49:14[main] INFO  LoginTest  - Country dropdown selected successfully
2021-08-14 16:49:14[main] INFO  LoginTest  - Try to sent text in Your name field
2021-08-14 16:49:15[main] INFO  LoginTest  - Text sent successfully in Your name field
2021-08-14 16:49:15[main] INFO  LoginTest  - Try to choose gender radio button
2021-08-14 16:49:16[main] INFO  LoginTest  - Successfully choosed gender radio button
2021-08-14 16:49:16[main] INFO  LoginTest  - Try to click Lets shop button
2021-08-14 16:49:18[main] INFO  LoginTest  - Lets shop button tapped successfully
2021-08-14 16:49:18[main] INFO  Product_List_Page_Test  - Try to scroll down
2021-08-14 16:49:27[main] INFO  Product_List_Page_Test  - Scrolling successfully
2021-08-14 16:49:27[main] INFO  Product_List_Page_Test  - Try to add product from cart
2021-08-14 16:49:29[main] INFO  Product_List_Page_Test  - product added in cart session
2021-08-14 16:49:33[main] INFO  Product_List_Page_Test  - Try to add product from cart
2021-08-14 16:49:34[main] INFO  Product_List_Page_Test  - product added in cart session
2021-08-14 16:49:36[main] INFO  Product_List_Page_Test  - Verfying cart session product there or not
2021-08-14 16:51:40[main] INFO  Base_Class  - Emulator started successfully
2021-08-14 16:51:40[main] INFO  Base_Class  - App Run via emulator
2021-08-14 16:51:49[main] INFO  Base_Class  - Appium server started successfully in 4723 port
2021-08-14 16:51:49[main] INFO  LoginTest  - Verifying correct app launch or not
2021-08-14 16:51:53[main] INFO  LoginTest  - Try to select country dropdown
2021-08-14 16:51:55[main] INFO  LoginTest  - Country dropdown selected successfully
2021-08-14 16:51:55[main] INFO  LoginTest  - Try to sent text in Your name field
2021-08-14 16:51:56[main] INFO  LoginTest  - Text sent successfully in Your name field
2021-08-14 16:51:56[main] INFO  LoginTest  - Try to choose gender radio button
2021-08-14 16:51:57[main] INFO  LoginTest  - Successfully choosed gender radio button
2021-08-14 16:51:57[main] INFO  LoginTest  - Try to click Lets shop button
2021-08-14 16:51:59[main] INFO  LoginTest  - Lets shop button tapped successfully
2021-08-14 16:51:59[main] INFO  Product_List_Page_Test  - Try to scroll down
2021-08-14 16:52:09[main] INFO  Product_List_Page_Test  - Scrolling successfully
2021-08-14 16:52:09[main] INFO  Product_List_Page_Test  - Try to add product from cart
2021-08-14 16:52:10[main] INFO  Product_List_Page_Test  - product added in cart session
2021-08-14 16:52:15[main] INFO  Product_List_Page_Test  - Try to add product from cart
2021-08-14 16:52:16[main] INFO  Product_List_Page_Test  - product added in cart session
2021-08-14 16:52:18[main] INFO  Product_List_Page_Test  - Verfying cart session product there or not
2021-08-14 16:53:33[main] INFO  Base_Class  - Emulator started successfully
2021-08-14 16:53:33[main] INFO  Base_Class  - App Run via emulator
2021-08-14 16:53:43[main] INFO  Base_Class  - Appium server started successfully in 4723 port
2021-08-14 16:53:43[main] INFO  LoginTest  - Verifying correct app launch or not
2021-08-14 16:53:47[main] INFO  LoginTest  - Try to select country dropdown
2021-08-14 16:53:49[main] INFO  LoginTest  - Country dropdown selected successfully
2021-08-14 16:53:49[main] INFO  LoginTest  - Try to sent text in Your name field
2021-08-14 16:53:50[main] INFO  LoginTest  - Text sent successfully in Your name field
2021-08-14 16:53:50[main] INFO  LoginTest  - Try to choose gender radio button
2021-08-14 16:53:51[main] INFO  LoginTest  - Successfully choosed gender radio button
2021-08-14 16:53:51[main] INFO  LoginTest  - Try to click Lets shop button
2021-08-14 16:53:53[main] INFO  LoginTest  - Lets shop button tapped successfully
2021-08-14 16:53:53[main] INFO  Product_List_Page_Test  - Try to scroll down
2021-08-14 16:54:03[main] INFO  Product_List_Page_Test  - Scrolling successfully
2021-08-14 16:54:03[main] INFO  Product_List_Page_Test  - Try to add product from cart
2021-08-14 16:54:05[main] INFO  Product_List_Page_Test  - product added in cart session
2021-08-14 16:54:09[main] INFO  Product_List_Page_Test  - Try to add product from cart
2021-08-14 16:54:10[main] INFO  Product_List_Page_Test  - product added in cart session
2021-08-14 16:54:12[main] INFO  Product_List_Page_Test  - Verfying cart session product there or not
2021-08-14 16:57:33[main] INFO  Base_Class  - Emulator started successfully
2021-08-14 16:57:33[main] INFO  Base_Class  - App Run via emulator
2021-08-14 16:57:43[main] INFO  Base_Class  - Appium server started successfully in 4723 port
2021-08-14 16:57:43[main] INFO  LoginTest  - Verifying correct app launch or not
2021-08-14 16:57:47[main] INFO  LoginTest  - Try to select country dropdown
2021-08-14 16:57:49[main] INFO  LoginTest  - Country dropdown selected successfully
2021-08-14 16:57:49[main] INFO  LoginTest  - Try to sent text in Your name field
2021-08-14 16:57:50[main] INFO  LoginTest  - Text sent successfully in Your name field
2021-08-14 16:57:50[main] INFO  LoginTest  - Try to choose gender radio button
2021-08-14 16:57:51[main] INFO  LoginTest  - Successfully choosed gender radio button
2021-08-14 16:57:51[main] INFO  LoginTest  - Try to click Lets shop button
2021-08-14 16:57:53[main] INFO  LoginTest  - Lets shop button tapped successfully
2021-08-14 16:57:53[main] INFO  Product_List_Page_Test  - Try to scroll down
2021-08-14 16:58:02[main] INFO  Product_List_Page_Test  - Scrolling successfully
2021-08-14 16:58:02[main] INFO  Product_List_Page_Test  - Try to add product from cart
2021-08-14 16:58:04[main] INFO  Product_List_Page_Test  - product added in cart session
2021-08-14 16:58:08[main] INFO  Product_List_Page_Test  - Try to add product from cart
2021-08-14 16:58:09[main] INFO  Product_List_Page_Test  - product added in cart session
2021-08-14 16:58:12[main] INFO  Product_List_Page_Test  - Verfying cart session product there or not
2021-08-14 17:13:28[main] INFO  Base_Class  - Emulator started successfully
2021-08-14 17:13:28[main] INFO  Base_Class  - App Run via emulator
2021-08-14 17:13:38[main] INFO  Base_Class  - Appium server started successfully in 4723 port
2021-08-14 17:13:39[main] INFO  LoginTest  - Verifying correct app launch or not
2021-08-14 17:13:43[main] INFO  LoginTest  - Try to select country dropdown
2021-08-14 17:13:45[main] INFO  LoginTest  - Country dropdown selected successfully
2021-08-14 17:13:45[main] INFO  LoginTest  - Try to sent text in Your name field
2021-08-14 17:13:46[main] INFO  LoginTest  - Text sent successfully in Your name field
2021-08-14 17:13:46[main] INFO  LoginTest  - Try to choose gender radio button
2021-08-14 17:13:47[main] INFO  LoginTest  - Successfully choosed gender radio button
2021-08-14 17:13:47[main] INFO  LoginTest  - Try to click Lets shop button
2021-08-14 17:13:49[main] INFO  LoginTest  - Lets shop button tapped successfully
2021-08-14 17:13:49[main] INFO  Product_List_Page_Test  - Try to scroll down
2021-08-14 17:13:58[main] INFO  Product_List_Page_Test  - Scrolling successfully
2021-08-14 17:13:58[main] INFO  Product_List_Page_Test  - Try to add product from cart
2021-08-14 17:14:00[main] INFO  Product_List_Page_Test  - product added in cart session
2021-08-14 17:14:05[main] INFO  Product_List_Page_Test  - Try to add product from cart
2021-08-14 17:14:06[main] INFO  Product_List_Page_Test  - product added in cart session
2021-08-14 17:14:08[main] INFO  Product_List_Page_Test  - Verfying cart session product there or not
2021-08-14 17:15:40[main] INFO  Base_Class  - Emulator started successfully
2021-08-14 17:15:40[main] INFO  Base_Class  - App Run via emulator
2021-08-14 17:15:50[main] INFO  Base_Class  - Appium server started successfully in 4723 port
2021-08-14 17:15:50[main] INFO  LoginTest  - Verifying correct app launch or not
2021-08-14 17:15:54[main] INFO  LoginTest  - Try to select country dropdown
2021-08-14 17:15:56[main] INFO  LoginTest  - Country dropdown selected successfully
2021-08-14 17:15:56[main] INFO  LoginTest  - Try to sent text in Your name field
2021-08-14 17:15:57[main] INFO  LoginTest  - Text sent successfully in Your name field
2021-08-14 17:15:57[main] INFO  LoginTest  - Try to choose gender radio button
2021-08-14 17:15:58[main] INFO  LoginTest  - Successfully choosed gender radio button
2021-08-14 17:15:58[main] INFO  LoginTest  - Try to click Lets shop button
2021-08-14 17:16:00[main] INFO  LoginTest  - Lets shop button tapped successfully
2021-08-14 17:16:00[main] INFO  Product_List_Page_Test  - Try to scroll down
2021-08-14 17:16:10[main] INFO  Product_List_Page_Test  - Scrolling successfully
2021-08-14 17:16:10[main] INFO  Product_List_Page_Test  - Try to add product from cart
2021-08-14 17:16:11[main] INFO  Product_List_Page_Test  - product added in cart session
2021-08-14 17:16:15[main] INFO  Product_List_Page_Test  - Try to add product from cart
2021-08-14 17:16:16[main] INFO  Product_List_Page_Test  - product added in cart session
2021-08-14 17:16:18[main] INFO  Product_List_Page_Test  - Verfying cart session product there or not
2021-08-14 17:18:26[main] INFO  Base_Class  - Emulator started successfully
2021-08-14 17:18:26[main] INFO  Base_Class  - App Run via emulator
2021-08-14 17:18:36[main] INFO  Base_Class  - Appium server started successfully in 4723 port
2021-08-14 17:18:36[main] INFO  LoginTest  - Verifying correct app launch or not
2021-08-14 17:18:40[main] INFO  LoginTest  - Try to select country dropdown
2021-08-14 17:18:42[main] INFO  LoginTest  - Country dropdown selected successfully
2021-08-14 17:18:42[main] INFO  LoginTest  - Try to sent text in Your name field
2021-08-14 17:18:43[main] INFO  LoginTest  - Text sent successfully in Your name field
2021-08-14 17:18:43[main] INFO  LoginTest  - Try to choose gender radio button
2021-08-14 17:18:44[main] INFO  LoginTest  - Successfully choosed gender radio button
2021-08-14 17:18:44[main] INFO  LoginTest  - Try to click Lets shop button
2021-08-14 17:18:45[main] INFO  LoginTest  - Lets shop button tapped successfully
2021-08-14 17:18:45[main] INFO  Product_List_Page_Test  - Try to scroll down
2021-08-14 17:18:55[main] INFO  Product_List_Page_Test  - Scrolling successfully
2021-08-14 17:18:56[main] INFO  Product_List_Page_Test  - Try to add product from cart
2021-08-14 17:18:57[main] INFO  Product_List_Page_Test  - product added in cart session
2021-08-14 17:19:01[main] INFO  Product_List_Page_Test  - Try to add product from cart
2021-08-14 17:19:03[main] INFO  Product_List_Page_Test  - product added in cart session
2021-08-14 17:19:05[main] INFO  Product_List_Page_Test  - Verfying cart session product there or not
2021-08-15 18:47:18[main] INFO  Base_Class  - Emulator started successfully
2021-08-15 18:47:18[main] INFO  Base_Class  - App Run via emulator
2021-08-15 18:47:29[main] INFO  Base_Class  - Appium server started successfully in 4723 port
2021-08-15 18:47:30[main] INFO  LoginTest  - Verifying correct app launch or not
2021-08-15 18:47:34[main] INFO  LoginTest  - Verified:Correct app launched successfully
2021-08-15 18:47:34[main] INFO  LoginTest  - Try to select country dropdown
2021-08-15 18:47:36[main] INFO  LoginTest  - Country dropdown selected successfully
2021-08-15 18:47:36[main] INFO  LoginTest  - Try to sent text in Your name field
2021-08-15 18:47:38[main] INFO  LoginTest  - Text sent successfully in Your name field
2021-08-15 18:47:38[main] INFO  LoginTest  - Try to choose gender radio button
2021-08-15 18:47:39[main] INFO  LoginTest  - Successfully choosed gender radio button
2021-08-15 18:47:39[main] INFO  LoginTest  - Try to click Lets shop button
2021-08-15 18:47:41[main] INFO  LoginTest  - Lets shop button tapped successfully
2021-08-15 18:47:41[main] INFO  Product_List_Page_Test  - Try to scroll down
2021-08-15 18:47:50[main] INFO  Product_List_Page_Test  - Scrolling successfully
2021-08-15 18:47:50[main] INFO  Product_List_Page_Test  - Try to add product from cart
2021-08-15 18:47:51[main] INFO  Product_List_Page_Test  - product added in cart session
2021-08-15 18:47:56[main] INFO  Product_List_Page_Test  - Try to add product from cart
2021-08-15 18:47:57[main] INFO  Product_List_Page_Test  - product added in cart session
2021-08-15 18:47:59[main] INFO  Product_List_Page_Test  - Verfying cart session product there or not
2021-08-15 18:49:57[main] INFO  Base_Class  - Emulator started successfully
2021-08-15 18:49:57[main] INFO  Base_Class  - App Run via emulator
2021-08-15 18:50:07[main] INFO  Base_Class  - Appium server started successfully in 4723 port
2021-08-15 18:50:07[main] INFO  LoginTest  - Verifying correct app launch or not
2021-08-15 18:50:11[main] INFO  LoginTest  - Try to select country dropdown
2021-08-15 18:50:14[main] INFO  LoginTest  - Country dropdown selected successfully
2021-08-15 18:50:14[main] INFO  LoginTest  - Try to sent text in Your name field
2021-08-15 18:50:14[main] INFO  LoginTest  - Text sent successfully in Your name field
2021-08-15 18:50:14[main] INFO  LoginTest  - Try to choose gender radio button
2021-08-15 18:50:15[main] INFO  LoginTest  - Successfully choosed gender radio button
2021-08-15 18:50:15[main] INFO  LoginTest  - Try to click Lets shop button
2021-08-15 18:50:18[main] INFO  LoginTest  - Lets shop button tapped successfully
2021-08-15 18:50:18[main] INFO  Product_List_Page_Test  - Try to scroll down
2021-08-15 18:50:28[main] INFO  Product_List_Page_Test  - Scrolling successfully
2021-08-15 18:50:28[main] INFO  Product_List_Page_Test  - Try to add product from cart
2021-08-15 18:50:29[main] INFO  Product_List_Page_Test  - product added in cart session
2021-08-15 18:50:34[main] INFO  Product_List_Page_Test  - Try to add product from cart
2021-08-15 18:50:35[main] INFO  Product_List_Page_Test  - product added in cart session
2021-08-15 18:50:37[main] INFO  Product_List_Page_Test  - Verfying cart session product there or not
2021-08-15 18:51:58[main] INFO  Base_Class  - Emulator started successfully
2021-08-15 18:51:58[main] INFO  Base_Class  - App Run via emulator
2021-08-15 18:52:08[main] INFO  Base_Class  - Appium server started successfully in 4723 port
2021-08-15 18:52:09[main] INFO  LoginTest  - Verifying correct app launch or not
2021-08-15 18:52:12[main] INFO  LoginTest  - Try to select country dropdown
2021-08-15 18:52:15[main] INFO  LoginTest  - Country dropdown selected successfully
2021-08-15 18:52:15[main] INFO  LoginTest  - Try to sent text in Your name field
2021-08-15 18:52:16[main] INFO  LoginTest  - Text sent successfully in Your name field
2021-08-15 18:52:16[main] INFO  LoginTest  - Try to choose gender radio button
2021-08-15 18:52:17[main] INFO  LoginTest  - Successfully choosed gender radio button
2021-08-15 18:52:17[main] INFO  LoginTest  - Try to click Lets shop button
2021-08-15 18:52:19[main] INFO  LoginTest  - Lets shop button tapped successfully
2021-08-15 18:52:19[main] INFO  Product_List_Page_Test  - Try to scroll down
2021-08-15 18:52:29[main] INFO  Product_List_Page_Test  - Scrolling successfully
2021-08-15 18:52:29[main] INFO  Product_List_Page_Test  - Try to add product from cart
2021-08-15 18:52:31[main] INFO  Product_List_Page_Test  - product added in cart session
2021-08-15 18:52:35[main] INFO  Product_List_Page_Test  - Try to add product from cart
2021-08-15 18:52:36[main] INFO  Product_List_Page_Test  - product added in cart session
2021-08-15 18:52:39[main] INFO  Product_List_Page_Test  - Verfying cart session product there or not
2021-08-15 18:57:45[main] INFO  Base_Class  - Emulator started successfully
2021-08-15 18:57:45[main] INFO  Base_Class  - App Run via emulator
2021-08-15 18:57:57[main] INFO  Base_Class  - Appium server started successfully in 4723 port
2021-08-15 18:57:57[main] INFO  LoginTest  - Verifying correct app launch or not
2021-08-15 18:58:02[main] INFO  LoginTest  - Verified:Correct app launched successfully
2021-08-15 18:58:02[main] INFO  LoginTest  - Try to select country dropdown
2021-08-15 18:58:04[main] INFO  LoginTest  - Country dropdown selected successfully
2021-08-15 18:58:04[main] INFO  LoginTest  - Try to sent text in Your name field
2021-08-15 18:58:05[main] INFO  LoginTest  - Text sent successfully in Your name field
2021-08-15 18:58:05[main] INFO  LoginTest  - Try to choose gender radio button
2021-08-15 18:58:06[main] INFO  LoginTest  - Successfully choosed gender radio button
2021-08-15 18:58:07[main] INFO  LoginTest  - Try to click Lets shop button
2021-08-15 18:58:08[main] INFO  LoginTest  - Lets shop button tapped successfully
2021-08-15 18:58:08[main] INFO  Product_List_Page_Test  - Try to scroll down
2021-08-15 18:58:19[main] INFO  Product_List_Page_Test  - Scrolling successfully
2021-08-15 18:58:19[main] INFO  Product_List_Page_Test  - Try to add product from cart
2021-08-15 18:58:20[main] INFO  Product_List_Page_Test  - product added in cart session
2021-08-15 18:58:25[main] INFO  Product_List_Page_Test  - Try to add product from cart
2021-08-15 18:58:26[main] INFO  Product_List_Page_Test  - product added in cart session
2021-08-15 18:58:28[main] INFO  Product_List_Page_Test  - Verfying cart session product there or not
2021-08-15 19:00:44[main] INFO  Base_Class  - Emulator started successfully
2021-08-15 19:00:44[main] INFO  Base_Class  - App Run via emulator
2021-08-15 19:00:55[main] INFO  Base_Class  - Appium server started successfully in 4723 port
2021-08-15 19:00:56[main] INFO  LoginTest  - Verifying correct app launch or not
2021-08-15 19:01:00[main] INFO  LoginTest  - Try to select country dropdown
2021-08-15 19:01:02[main] INFO  LoginTest  - Country dropdown selected successfully
2021-08-15 19:01:02[main] INFO  LoginTest  - Try to sent text in Your name field
2021-08-15 19:01:03[main] INFO  LoginTest  - Text sent successfully in Your name field
2021-08-15 19:01:03[main] INFO  LoginTest  - Try to choose gender radio button
2021-08-15 19:01:04[main] INFO  LoginTest  - Successfully choosed gender radio button
2021-08-15 19:01:04[main] INFO  LoginTest  - Try to click Lets shop button
2021-08-15 19:01:06[main] INFO  LoginTest  - Lets shop button tapped successfully
2021-08-15 19:01:06[main] INFO  Product_List_Page_Test  - Try to scroll down
2021-08-15 19:01:16[main] INFO  Product_List_Page_Test  - Scrolling successfully
2021-08-15 19:01:16[main] INFO  Product_List_Page_Test  - Try to add product from cart
2021-08-15 19:01:18[main] INFO  Product_List_Page_Test  - product added in cart session
2021-08-15 19:01:23[main] INFO  Product_List_Page_Test  - Try to add product from cart
2021-08-15 19:01:24[main] INFO  Product_List_Page_Test  - product added in cart session
2021-08-15 19:01:26[main] INFO  Product_List_Page_Test  - Verfying cart session product there or not
2021-08-15 19:03:41[main] INFO  Base_Class  - Emulator started successfully
2021-08-15 19:03:41[main] INFO  Base_Class  - App Run via emulator
2021-08-15 19:03:52[main] INFO  Base_Class  - Appium server started successfully in 4723 port
2021-08-15 19:03:52[main] INFO  LoginTest  - Verifying correct app launch or not
2021-08-15 19:03:56[main] INFO  LoginTest  - Try to select country dropdown
2021-08-15 19:03:58[main] INFO  LoginTest  - Country dropdown selected successfully
2021-08-15 19:03:58[main] INFO  LoginTest  - Try to sent text in Your name field
2021-08-15 19:03:59[main] INFO  LoginTest  - Text sent successfully in Your name field
2021-08-15 19:03:59[main] INFO  LoginTest  - Try to choose gender radio button
2021-08-15 19:04:00[main] INFO  LoginTest  - Successfully choosed gender radio button
2021-08-15 19:04:01[main] INFO  LoginTest  - Try to click Lets shop button
2021-08-15 19:04:04[main] INFO  LoginTest  - Lets shop button tapped successfully
2021-08-15 19:04:04[main] INFO  Product_List_Page_Test  - Try to scroll down
2021-08-15 19:04:25[main] INFO  Product_List_Page_Test  - Scrolling successfully
2021-08-15 19:04:25[main] INFO  Product_List_Page_Test  - Try to add product from cart
2021-08-15 19:04:27[main] INFO  Product_List_Page_Test  - product added in cart session
2021-08-15 19:04:31[main] INFO  Product_List_Page_Test  - Try to add product from cart
2021-08-15 19:04:32[main] INFO  Product_List_Page_Test  - product added in cart session
2021-08-15 19:04:35[main] INFO  Product_List_Page_Test  - Verfying cart session product there or not
2021-08-15 19:07:32[main] INFO  Base_Class  - Emulator started successfully
2021-08-15 19:07:32[main] INFO  Base_Class  - App Run via emulator
2021-08-15 19:07:42[main] INFO  Base_Class  - Appium server started successfully in 4723 port
2021-08-15 19:07:43[main] INFO  LoginTest  - Verifying correct app launch or not
2021-08-15 19:07:47[main] INFO  LoginTest  - Try to select country dropdown
2021-08-15 19:07:49[main] INFO  LoginTest  - Country dropdown selected successfully
2021-08-15 19:07:49[main] INFO  LoginTest  - Try to sent text in Your name field
2021-08-15 19:07:51[main] INFO  LoginTest  - Text sent successfully in Your name field
2021-08-15 19:07:51[main] INFO  LoginTest  - Try to choose gender radio button
2021-08-15 19:07:51[main] INFO  LoginTest  - Successfully choosed gender radio button
2021-08-15 19:07:52[main] INFO  LoginTest  - Try to click Lets shop button
2021-08-15 19:07:53[main] INFO  LoginTest  - Lets shop button tapped successfully
2021-08-15 19:07:53[main] INFO  Product_List_Page_Test  - Try to scroll down
2021-08-15 19:08:03[main] INFO  Product_List_Page_Test  - Scrolling successfully
2021-08-15 19:08:03[main] INFO  Product_List_Page_Test  - Try to add product from cart
2021-08-15 19:08:05[main] INFO  Product_List_Page_Test  - product added in cart session
2021-08-15 19:08:09[main] INFO  Product_List_Page_Test  - Try to add product from cart
2021-08-15 19:08:10[main] INFO  Product_List_Page_Test  - product added in cart session
2021-08-15 19:08:12[main] INFO  Product_List_Page_Test  - Verfying cart session product there or not
2021-08-15 19:14:35[main] INFO  Base_Class  - Emulator started successfully
2021-08-15 19:14:35[main] INFO  Base_Class  - App Run via emulator
2021-08-15 19:14:46[main] INFO  Base_Class  - Appium server started successfully in 4723 port
2021-08-15 19:14:46[main] INFO  LoginTest  - Verifying correct app launch or not
2021-08-15 19:14:51[main] INFO  LoginTest  - Verified:Correct app launched successfully
2021-08-15 19:14:51[main] INFO  LoginTest  - Try to select country dropdown
2021-08-15 19:14:54[main] INFO  LoginTest  - Country dropdown selected successfully
2021-08-15 19:14:54[main] INFO  LoginTest  - Try to sent text in Your name field
2021-08-15 19:14:55[main] INFO  LoginTest  - Text sent successfully in Your name field
2021-08-15 19:14:55[main] INFO  LoginTest  - Try to choose gender radio button
2021-08-15 19:14:56[main] INFO  LoginTest  - Successfully choosed gender radio button
2021-08-15 19:14:56[main] INFO  LoginTest  - Try to click Lets shop button
2021-08-15 19:14:58[main] INFO  LoginTest  - Lets shop button tapped successfully
2021-08-15 19:14:58[main] INFO  Product_List_Page_Test  - Try to scroll down
2021-08-15 19:15:07[main] INFO  Product_List_Page_Test  - Scrolling successfully
2021-08-15 19:15:08[main] INFO  Product_List_Page_Test  - Try to add product from cart
2021-08-15 19:15:09[main] INFO  Product_List_Page_Test  - product added in cart session
2021-08-15 19:15:14[main] INFO  Product_List_Page_Test  - Try to add product from cart
2021-08-15 19:15:15[main] INFO  Product_List_Page_Test  - product added in cart session
2021-08-15 19:15:17[main] INFO  Product_List_Page_Test  - Verfying cart session product there or not
2021-08-15 19:16:37[main] INFO  Base_Class  - Emulator started successfully
2021-08-15 19:16:37[main] INFO  Base_Class  - App Run via emulator
2021-08-15 19:16:48[main] INFO  Base_Class  - Appium server started successfully in 4723 port
2021-08-15 19:16:48[main] INFO  LoginTest  - Verifying correct app launch or not
2021-08-15 19:16:53[main] INFO  LoginTest  - Verified:Correct app launched successfully
2021-08-15 19:16:53[main] INFO  LoginTest  - Try to select country dropdown
2021-08-15 19:16:55[main] INFO  LoginTest  - Country dropdown selected successfully
2021-08-15 19:16:55[main] INFO  LoginTest  - Try to sent text in Your name field
2021-08-15 19:16:56[main] INFO  LoginTest  - Text sent successfully in Your name field
2021-08-15 19:16:56[main] INFO  LoginTest  - Try to choose gender radio button
2021-08-15 19:16:57[main] INFO  LoginTest  - Successfully choosed gender radio button
2021-08-15 19:16:57[main] INFO  LoginTest  - Try to click Lets shop button
2021-08-15 19:16:59[main] INFO  LoginTest  - Lets shop button tapped successfully
2021-08-15 19:16:59[main] INFO  Product_List_Page_Test  - Try to scroll down
2021-08-15 19:17:11[main] INFO  Product_List_Page_Test  - Scrolling successfully
2021-08-15 19:17:11[main] INFO  Product_List_Page_Test  - Try to add product from cart
2021-08-15 19:17:13[main] INFO  Product_List_Page_Test  - product added in cart session
2021-08-15 19:17:18[main] INFO  Product_List_Page_Test  - Try to add product from cart
2021-08-15 19:17:19[main] INFO  Product_List_Page_Test  - product added in cart session
2021-08-15 19:17:21[main] INFO  Product_List_Page_Test  - Verfying cart session product there or not
2021-08-15 19:35:11[main] INFO  Base_Class  - Emulator started successfully
2021-08-15 19:35:11[main] INFO  Base_Class  - App Run via emulator
2021-08-15 19:35:22[main] INFO  Base_Class  - Appium server started successfully in 4723 port
2021-08-15 19:35:22[main] INFO  LoginTest  - Verifying correct app launch or not
2021-08-15 19:35:27[main] INFO  LoginTest  - Verified:Correct app launched successfully
2021-08-15 19:35:27[main] INFO  LoginTest  - Try to select country dropdown
2021-08-15 19:35:30[main] INFO  LoginTest  - Country dropdown selected successfully
2021-08-15 19:35:30[main] INFO  LoginTest  - Try to sent text in Your name field
2021-08-15 19:35:30[main] INFO  LoginTest  - Text sent successfully in Your name field
2021-08-15 19:35:30[main] INFO  LoginTest  - Try to choose gender radio button
2021-08-15 19:35:31[main] INFO  LoginTest  - Successfully choosed gender radio button
2021-08-15 19:35:31[main] INFO  LoginTest  - Try to click Lets shop button
2021-08-15 19:35:33[main] INFO  LoginTest  - Lets shop button tapped successfully
2021-08-15 19:35:33[main] INFO  Product_List_Page_Test  - Try to scroll down
2021-08-15 19:35:43[main] INFO  Product_List_Page_Test  - Scrolling successfully
2021-08-15 19:35:43[main] INFO  Product_List_Page_Test  - Try to add product from cart
2021-08-15 19:35:45[main] INFO  Product_List_Page_Test  - product added in cart session
2021-08-15 19:35:49[main] INFO  Product_List_Page_Test  - Try to add product from cart
2021-08-15 19:35:50[main] INFO  Product_List_Page_Test  - product added in cart session
2021-08-15 19:35:52[main] INFO  Product_List_Page_Test  - Verfying cart session product there or not
2021-08-15 19:39:06[main] INFO  Base_Class  - Emulator started successfully
2021-08-15 19:39:06[main] INFO  Base_Class  - App Run via emulator
2021-08-15 19:39:17[main] INFO  Base_Class  - Appium server started successfully in 4723 port
2021-08-15 19:39:17[main] INFO  LoginTest  - Verifying correct app launch or not
2021-08-15 19:39:22[main] INFO  LoginTest  - Verified:Correct app launched successfully
2021-08-15 19:39:22[main] INFO  LoginTest  - Try to select country dropdown
2021-08-15 19:39:24[main] INFO  LoginTest  - Country dropdown selected successfully
2021-08-15 19:39:24[main] INFO  LoginTest  - Try to sent text in Your name field
2021-08-15 19:39:25[main] INFO  LoginTest  - Text sent successfully in Your name field
2021-08-15 19:39:25[main] INFO  LoginTest  - Try to choose gender radio button
2021-08-15 19:39:26[main] INFO  LoginTest  - Successfully choosed gender radio button
2021-08-15 19:39:26[main] INFO  LoginTest  - Try to click Lets shop button
2021-08-15 19:39:28[main] INFO  LoginTest  - Lets shop button tapped successfully
2021-08-15 19:39:28[main] INFO  Product_List_Page_Test  - Try to scroll down
2021-08-15 19:39:39[main] INFO  Product_List_Page_Test  - Scrolling successfully
2021-08-15 19:39:39[main] INFO  Product_List_Page_Test  - Try to add product from cart
2021-08-15 19:39:40[main] INFO  Product_List_Page_Test  - product added in cart session
2021-08-15 19:39:45[main] INFO  Product_List_Page_Test  - Try to add product from cart
2021-08-15 19:39:47[main] INFO  Product_List_Page_Test  - product added in cart session
2021-08-15 19:39:49[main] INFO  Product_List_Page_Test  - Verfying cart session product there or not
2021-08-15 19:40:41[main] INFO  Base_Class  - Emulator started successfully
2021-08-15 19:40:41[main] INFO  Base_Class  - App Run via emulator
2021-08-15 19:40:56[main] INFO  Base_Class  - Appium server started successfully in 4723 port
2021-08-15 19:40:57[main] INFO  LoginTest  - Verifying correct app launch or not
2021-08-15 19:41:01[main] INFO  LoginTest  - Verified:Correct app launched successfully
2021-08-15 19:41:01[main] INFO  LoginTest  - Try to select country dropdown
2021-08-15 19:41:05[main] INFO  LoginTest  - Country dropdown selected successfully
2021-08-15 19:41:05[main] INFO  LoginTest  - Try to sent text in Your name field
2021-08-15 19:42:23[main] INFO  Base_Class  - Emulator started successfully
2021-08-15 19:42:23[main] INFO  Base_Class  - App Run via emulator
2021-08-15 19:42:37[main] INFO  Base_Class  - Appium server started successfully in 4723 port
2021-08-15 19:42:37[main] INFO  LoginTest  - Verifying correct app launch or not
2021-08-15 19:42:42[main] INFO  LoginTest  - Verified:Correct app launched successfully
2021-08-15 19:42:42[main] INFO  LoginTest  - Try to select country dropdown
2021-08-15 19:42:44[main] INFO  LoginTest  - Country dropdown selected successfully
2021-08-15 19:42:44[main] INFO  LoginTest  - Try to sent text in Your name field
2021-08-15 19:42:45[main] INFO  LoginTest  - Text sent successfully in Your name field
2021-08-15 19:42:45[main] INFO  LoginTest  - Try to choose gender radio button
2021-08-15 19:42:46[main] INFO  LoginTest  - Successfully choosed gender radio button
2021-08-15 19:42:46[main] INFO  LoginTest  - Try to click Lets shop button
2021-08-15 19:42:49[main] INFO  LoginTest  - Lets shop button tapped successfully
2021-08-15 19:42:49[main] INFO  Product_List_Page_Test  - Try to scroll down
2021-08-15 19:43:00[main] INFO  Product_List_Page_Test  - Scrolling successfully
2021-08-15 19:43:00[main] INFO  Product_List_Page_Test  - Try to add product from cart
2021-08-15 19:43:01[main] INFO  Product_List_Page_Test  - product added in cart session
2021-08-15 19:43:06[main] INFO  Product_List_Page_Test  - Try to add product from cart
2021-08-15 19:43:07[main] INFO  Product_List_Page_Test  - product added in cart session
2021-08-15 19:43:09[main] INFO  Product_List_Page_Test  - Verfying cart session product there or not
2021-08-15 19:44:10[main] INFO  Base_Class  - Emulator started successfully
2021-08-15 19:44:11[main] INFO  Base_Class  - App Run via emulator
2021-08-15 19:44:21[main] INFO  Base_Class  - Appium server started successfully in 4723 port
2021-08-15 19:44:21[main] INFO  LoginTest  - Verifying correct app launch or not
2021-08-15 19:44:25[main] INFO  LoginTest  - Try to select country dropdown
2021-08-15 19:44:27[main] INFO  LoginTest  - Country dropdown selected successfully
2021-08-15 19:44:28[main] INFO  LoginTest  - Try to sent text in Your name field
2021-08-15 19:44:28[main] INFO  LoginTest  - Text sent successfully in Your name field
2021-08-15 19:44:28[main] INFO  LoginTest  - Try to choose gender radio button
2021-08-15 19:44:29[main] INFO  LoginTest  - Successfully choosed gender radio button
2021-08-15 19:44:29[main] INFO  LoginTest  - Try to click Lets shop button
2021-08-15 19:44:31[main] INFO  LoginTest  - Lets shop button tapped successfully
2021-08-15 19:44:31[main] INFO  Product_List_Page_Test  - Try to scroll down
2021-08-15 19:44:43[main] INFO  Product_List_Page_Test  - Scrolling successfully
2021-08-15 19:44:43[main] INFO  Product_List_Page_Test  - Try to add product from cart
2021-08-15 19:44:45[main] INFO  Product_List_Page_Test  - product added in cart session
2021-08-15 19:44:50[main] INFO  Product_List_Page_Test  - Try to add product from cart
2021-08-15 19:44:51[main] INFO  Product_List_Page_Test  - product added in cart session
2021-08-15 19:44:53[main] INFO  Product_List_Page_Test  - Verfying cart session product there or not
